[Thu Dec 31 04:52:56 UTC 2020][INFO] [Action] EE NewBook
[Thu Dec 31 04:53:18 UTC 2020][INFO] [Action] E AutoChapterGroupAction - 0
[Thu Dec 31 04:54:23 UTC 2020][INFO] [Action] E RemoveSectionBreak - 272,1
[Thu Dec 31 04:54:25 UTC 2020][INFO] [Action] E SplitContainer - 274
[Thu Dec 31 04:54:26 UTC 2020][INFO] [Action] E AddTextContainer - (c,274,1),1,0,0
[Thu Dec 31 04:54:33 UTC 2020][INFO] [Action] E AddTextContainer - (c,940,2),0,0,0
[Thu Dec 31 04:54:33 UTC 2020][INFO] [Action] E AddTextContainer - (c,941,1),1,0,0
[Thu Dec 31 04:54:50 UTC 2020][INFO] [Action] E ApplySemantics - (r,10375,10435),poem
[Thu Dec 31 04:54:59 UTC 2020][INFO] [Action] E ApplySemantics - (r,8980,9118),poem
[Thu Dec 31 04:55:05 UTC 2020][INFO] [Action] E UpdateStyle - (r,8980,9118),34:59:3,(r,8980,9118),F
[Thu Dec 31 04:55:10 UTC 2020][INFO] [Action] E RemoveSectionBreak - 8980,0
[Thu Dec 31 04:55:12 UTC 2020][INFO] [Action] E MergeContainer - 8979,1
[Thu Dec 31 04:55:13 UTC 2020][INFO] [Action] E SplitContainer - 8979
[Thu Dec 31 04:55:22 UTC 2020][INFO] [Action] E RemoveSectionBreak - 10374,0
[Thu Dec 31 04:55:22 UTC 2020][INFO] [Action] E MergeContainer - 10373,1
[Thu Dec 31 04:55:23 UTC 2020][INFO] [Action] E SplitContainer - 10373
[Thu Dec 31 04:55:38 UTC 2020][INFO] [Action] E InsertTextContent - (c,26296,2),[a]
[Thu Dec 31 04:55:38 UTC 2020][INFO] [Action] E InsertTextContent - (c,26297,2),[n]
[Thu Dec 31 04:55:38 UTC 2020][INFO] [Action] E InsertTextContent - (c,26298,2),[d]
[Thu Dec 31 04:55:38 UTC 2020][INFO] [Action] E InsertTextContent - (c,26299,2),[SPACE]
[Thu Dec 31 04:55:39 UTC 2020][INFO] [Action] E InsertTextContent - (c,26300,2),[a]
[Thu Dec 31 04:55:39 UTC 2020][INFO] [Action] E InsertTextContent - (c,26301,2),[r]
[Thu Dec 31 04:55:39 UTC 2020][INFO] [Action] E InsertTextContent - (c,26302,2),[o]
[Thu Dec 31 04:55:39 UTC 2020][INFO] [Action] E InsertTextContent - (c,26303,2),[u]
[Thu Dec 31 04:55:39 UTC 2020][INFO] [Action] E InsertTextContent - (c,26304,2),[n]
[Thu Dec 31 04:55:40 UTC 2020][INFO] [Action] E InsertTextContent - (c,26305,2),[d]
[Thu Dec 31 04:55:40 UTC 2020][INFO] [Action] E InsertTextContent - (c,26306,2),[SPACE]
[Thu Dec 31 04:55:40 UTC 2020][INFO] [Action] E InsertTextContent - (c,26307,2),[t]
[Thu Dec 31 04:55:40 UTC 2020][INFO] [Action] E InsertTextContent - (c,26308,2),[h]
[Thu Dec 31 04:55:40 UTC 2020][INFO] [Action] E InsertTextContent - (c,26309,2),[e]
[Thu Dec 31 04:55:40 UTC 2020][INFO] [Action] E InsertTextContent - (c,26310,2),[SPACE]
[Thu Dec 31 04:55:41 UTC 2020][INFO] [Action] E InsertTextContent - (c,26311,2),[t]
[Thu Dec 31 04:55:41 UTC 2020][INFO] [Action] E InsertTextContent - (c,26312,2),[i]
[Thu Dec 31 04:55:41 UTC 2020][INFO] [Action] E InsertTextContent - (c,26313,2),[m]
[Thu Dec 31 04:55:41 UTC 2020][INFO] [Action] E InsertTextContent - (c,26314,2),[e]
[Thu Dec 31 04:55:41 UTC 2020][INFO] [Action] E InsertTextContent - (c,26315,2),[SPACE]
[Thu Dec 31 04:55:41 UTC 2020][INFO] [Action] E InsertTextContent - (c,26316,2),[I]
[Thu Dec 31 04:55:41 UTC 2020][INFO] [Action] E InsertTextContent - (c,26317,2),[SPACE]
[Thu Dec 31 04:55:42 UTC 2020][INFO] [Action] E InsertTextContent - (c,26318,2),[w]
[Thu Dec 31 04:55:42 UTC 2020][INFO] [Action] E InsertTextContent - (c,26319,2),[a]
[Thu Dec 31 04:55:42 UTC 2020][INFO] [Action] E InsertTextContent - (c,26320,2),[s]
[Thu Dec 31 04:55:42 UTC 2020][INFO] [Action] E InsertTextContent - (c,26321,2),[SPACE]
[Thu Dec 31 04:55:42 UTC 2020][INFO] [Action] E InsertTextContent - (c,26322,2),[i]
[Thu Dec 31 04:55:42 UTC 2020][INFO] [Action] E InsertTextContent - (c,26323,2),[n]
[Thu Dec 31 04:55:42 UTC 2020][INFO] [Action] E InsertTextContent - (c,26324,2),[SPACE]
[Thu Dec 31 04:56:41 UTC 2020][INFO] [Action] E SplitContainer - 307631
[Thu Dec 31 04:56:43 UTC 2020][INFO] [Action] E AddTextContainer - (c,307631,1),1,0,0
[Thu Dec 31 04:56:56 UTC 2020][INFO] [Action] E SplitContainer - 320333
[Thu Dec 31 04:56:57 UTC 2020][INFO] [Action] E AddTextContainer - (c,320333,1),1,0,0
[Thu Dec 31 04:57:02 UTC 2020][INFO] [Action] E SplitContainer - 319988
[Thu Dec 31 04:57:08 UTC 2020][INFO] [Action] E DeleteContent - (r,319987,319987),B
[Thu Dec 31 04:57:30 UTC 2020][INFO] [Action] E SplitContainer - 300663
[Thu Dec 31 04:57:36 UTC 2020][INFO] [Action] E SplitContainer - 295520
[Thu Dec 31 04:57:41 UTC 2020][INFO] [Action] E SplitContainer - 296295
[Thu Dec 31 04:57:47 UTC 2020][INFO] [Action] E SplitContainer - 288143
[Thu Dec 31 04:57:58 UTC 2020][INFO] [Action] E SplitContainer - 275703
[Thu Dec 31 04:58:13 UTC 2020][INFO] [Action] E SaveBook - Save
[Thu Dec 31 04:58:26 UTC 2020][INFO] [Action] E SaveBook - Save
[Thu Dec 31 05:19:32 UTC 2020][INFO] [Action] EE PackageWorkspace
[Thu Dec 31 05:19:38 UTC 2020][INFO] Logger Terminated
